{
  "RSpec": {
    "coverage": {
      "/Users/mollie/Makers/insta/app/models/user.rb": [
        1,
        null,
        null,
        1,
        null,
        1,
        1,
        null
      ],
      "/Users/mollie/Makers/insta/app/helpers/application_helper.rb": [
        1,
        null
      ],
      "/Users/mollie/Makers/insta/app/helpers/home_helper.rb": [
        1,
        null
      ],
      "/Users/mollie/Makers/insta/app/helpers/photos_helper.rb": [
        1,
        null
      ],
      "/Users/mollie/Makers/insta/app/helpers/profiles_helper.rb": [
        1,
        null
      ],
      "/Users/mollie/Makers/insta/app/controllers/home_controller.rb": [
        1,
        1,
        32,
        32,
        null,
        null
      ],
      "/Users/mollie/Makers/insta/app/controllers/application_controller.rb": [
        1,
        null,
        null,
        1,
        null
      ],
      "/Users/mollie/Makers/insta/app/controllers/photos_controller.rb": [
        1,
        1,
        null,
        null,
        1,
        4,
        4,
        4,
        4,
        null,
        null,
        1,
        4,
        null,
        null
      ],
      "/Users/mollie/Makers/insta/app/controllers/profiles_controller.rb": [
        1,
        1,
        null,
        null,
        1,
        9,
        9,
        9,
        9,
        null,
        null,
        1,
        9,
        null,
        null,
        1,
        15,
        15,
        null,
        null
      ],
      "/Users/mollie/Makers/insta/app/models/photo.rb": [
        1,
        1,
        null,
        1,
        1,
        null
      ],
      "/Users/mollie/Makers/insta/app/models/profile.rb": [
        1,
        1,
        1,
        null
      ]
    },
    "timestamp": 1437747753
  }
}
