{
  "RSpec": {
    "coverage": {
      "/Users/mollie/Makers/insta/app/models/user.rb": [
        1,
        null,
        null,
        1,
        null,
        1,
        1,
        null
      ],
      "/Users/mollie/Makers/insta/app/helpers/application_helper.rb": [
        1,
        null
      ],
      "/Users/mollie/Makers/insta/app/helpers/home_helper.rb": [
        1,
        null
      ],
      "/Users/mollie/Makers/insta/app/helpers/likes_helper.rb": [
        1,
        null
      ],
      "/Users/mollie/Makers/insta/app/helpers/photos_helper.rb": [
        1,
        null
      ],
      "/Users/mollie/Makers/insta/app/helpers/profile_helper.rb": [
        1,
        null
      ],
      "/Users/mollie/Makers/insta/app/helpers/profiles_helper.rb": [
        1,
        null
      ],
      "/Users/mollie/Makers/insta/app/controllers/home_controller.rb": [
        1,
        1,
        40,
        40,
        null,
        null
      ],
      "/Users/mollie/Makers/insta/app/controllers/application_controller.rb": [
        1,
        null,
        null,
        1,
        null
      ],
      "/Users/mollie/Makers/insta/app/controllers/likes_controller.rb": [
        1,
        1,
        1,
        1,
        1,
        null,
        null,
        1,
        null,
        null
      ],
      "/Users/mollie/Makers/insta/app/controllers/photos_controller.rb": [
        1,
        1,
        null,
        null,
        1,
        6,
        6,
        6,
        6,
        null,
        null,
        1,
        6,
        null,
        null
      ],
      "/Users/mollie/Makers/insta/app/controllers/profile_controller.rb": [
        1,
        1,
        null,
        null,
        1,
        11,
        11,
        11,
        11,
        null,
        null,
        1,
        11,
        null,
        null,
        1,
        20,
        20,
        null,
        null
      ],
      "/Users/mollie/Makers/insta/app/models/like.rb": [
        1,
        1,
        null
      ],
      "/Users/mollie/Makers/insta/app/models/photo.rb": [
        1,
        1,
        1,
        null,
        1,
        1,
        null
      ],
      "/Users/mollie/Makers/insta/app/models/profile.rb": [
        1,
        1,
        1,
        null
      ]
    },
    "timestamp": 1437755330
  }
}
